[09:52:21] [ServerMain/INFO]: Environment: authHost='https://authserver.mojang.com', accountsHost='https://api.mojang.com', sessionHost='https://sessionserver.mojang.com', servicesHost='https://api.minecraftservices.com', name='PROD'
[09:52:22] [ServerMain/INFO]: Loaded 7 recipes
[09:52:23] [ServerMain/INFO]: Loaded 1179 advancements
[09:52:23] [Server thread/INFO]: Starting minecraft server version 1.19.4
[09:52:23] [Server thread/INFO]: Loading properties
[09:52:23] [Server thread/INFO]: Default game type: SURVIVAL
[09:52:23] [Server thread/INFO]: Generating keypair
[09:52:23] [Server thread/INFO]: Starting Minecraft server on *:25565
[09:52:23] [Server thread/INFO]: Using epoll channel type
[09:52:23] [Server thread/WARN]: **** SERVER IS RUNNING IN OFFLINE/INSECURE MODE!
[09:52:23] [Server thread/WARN]: The server will make no attempt to authenticate usernames. Beware.
[09:52:23] [Server thread/WARN]: While this makes the game possible to play without internet access, it also opens up the ability for hackers to connect with any username they choose.
[09:52:23] [Server thread/WARN]: To change this, set "online-mode" to "true" in the server.properties file.
[09:52:23] [Server thread/INFO]: Preparing level "world"
[09:52:24] [Server thread/INFO]: Preparing start region for dimension minecraft:overworld
[09:52:26] [Worker-Main-8/INFO]: Preparing spawn area: 0%
[09:52:26] [Worker-Main-8/INFO]: Preparing spawn area: 0%
[09:52:26] [Worker-Main-8/INFO]: Preparing spawn area: 0%
[09:52:26] [Worker-Main-8/INFO]: Preparing spawn area: 0%
[09:52:26] [Worker-Main-11/INFO]: Preparing spawn area: 0%
[09:52:27] [Worker-Main-7/INFO]: Preparing spawn area: 0%
[09:52:27] [Worker-Main-3/INFO]: Preparing spawn area: 3%
[09:52:28] [Worker-Main-7/INFO]: Preparing spawn area: 72%
[09:52:28] [Server thread/INFO]: Time elapsed: 3719 ms
[09:52:28] [Server thread/INFO]: Done (4.761s)! For help, type "help"
[09:52:32] [Server thread/INFO]: nyxtales[/127.0.0.1:46820] logged in with entity id 208 at (83.69916666710573, 77.76636799395752, 683.1669998152095)
[09:52:32] [Server thread/INFO]: nyxtales joined the game
[09:53:31] [Server thread/INFO]: nyxtales fell from a high place
[09:54:35] [Server thread/INFO]: nyxtales has made the advancement [Diamonds!]
[09:54:48] [Server thread/INFO]: nyxtales lost connection: Disconnected
[09:54:48] [Server thread/INFO]: nyxtales left the game
[09:54:52] [Server thread/INFO]: nyxtales[/127.0.0.1:43970] logged in with entity id 1210 at (108.29681776737955, 62.0, 193.14369954462146)
[09:54:52] [Server thread/INFO]: nyxtales joined the game
[09:55:03] [Server thread/INFO]: nyxtales lost connection: Disconnected
[09:55:03] [Server thread/INFO]: nyxtales left the game
[09:55:41] [Server thread/INFO]: nyxtales[/127.0.0.1:41712] logged in with entity id 1335 at (108.29681776737955, 62.0, 193.14369954462146)
[09:55:41] [Server thread/INFO]: nyxtales joined the game
[09:57:19] [Server thread/INFO]: nyxtales lost connection: Disconnected
[09:57:19] [Server thread/INFO]: nyxtales left the game
[09:57:20] [Server thread/INFO]: nyxtales[/127.0.0.1:50480] logged in with entity id 1809 at (30.474076199501294, -5.0, 225.06286643485248)
[09:57:20] [Server thread/INFO]: nyxtales joined the game
[09:57:35] [Server thread/INFO]: nyxtales lost connection: Disconnected
[09:57:35] [Server thread/INFO]: nyxtales left the game
[09:57:43] [Server thread/INFO]: nyxtales[/127.0.0.1:59636] logged in with entity id 1883 at (30.474076199501294, -5.0, 225.06286643485248)
[09:57:43] [Server thread/INFO]: nyxtales joined the game
[09:59:42] [Server thread/INFO]: nyxtales lost connection: Disconnected
[09:59:42] [Server thread/INFO]: nyxtales left the game
[09:59:43] [Server thread/INFO]: nyxtales[/127.0.0.1:33596] logged in with entity id 2327 at (30.059326180798344, -5.0, 225.02761359897863)
[09:59:43] [Server thread/INFO]: nyxtales joined the game
[09:59:54] [Server thread/INFO]: nyxtales lost connection: Disconnected
[09:59:54] [Server thread/INFO]: nyxtales left the game
[10:00:04] [Server thread/INFO]: nyxtales[/127.0.0.1:45084] logged in with entity id 2378 at (30.059326180798344, -5.0, 225.02761359897863)
[10:00:04] [Server thread/INFO]: nyxtales joined the game
[10:09:01] [Server thread/INFO]: nyxtales lost connection: Disconnected
[10:09:01] [Server thread/INFO]: nyxtales left the game
[10:09:02] [Server thread/INFO]: nyxtales[/127.0.0.1:53186] logged in with entity id 4179 at (108.61075486119438, 62.0, 194.7237691870437)
[10:09:02] [Server thread/INFO]: nyxtales joined the game
[10:09:15] [Server thread/INFO]: nyxtales lost connection: Disconnected
[10:09:15] [Server thread/INFO]: nyxtales left the game
[10:09:23] [Server thread/INFO]: nyxtales[/127.0.0.1:34600] logged in with entity id 4306 at (108.61075486119438, 62.0, 194.7237691870437)
[10:09:23] [Server thread/INFO]: nyxtales joined the game
[10:12:45] [Server thread/INFO]: Padwanda[/127.0.0.1:34608] logged in with entity id 5079 at (98.84734157648703, 72.0, 175.18793053646988)
[10:12:45] [Server thread/INFO]: Padwanda joined the game
[10:15:28] [Server thread/INFO]: [Not Secure] <nyxtales> nooooooo
[10:15:39] [Server thread/INFO]: [Not Secure] <nyxtales> cweeper boom my farm
[10:16:13] [Server thread/INFO]: [Not Secure] <Padwanda> s;ee[
[10:16:19] [Server thread/INFO]: [Not Secure] <Padwanda> WHERE UR FARM
[10:16:23] [Server thread/INFO]: [Not Secure] <nyxtales> cottage!
[10:17:06] [Server thread/INFO]: [Not Secure] <Padwanda> wow
[10:17:51] [Server thread/INFO]: [Not Secure] <nyxtales> that farm gave me lots of bread
[10:18:13] [Server thread/INFO]: [Not Secure] <Padwanda> lol we have a farm outside
[10:18:28] [Server thread/INFO]: [Not Secure] <nyxtales> this one is more for aesthetic purposese
[10:18:54] [Server thread/INFO]: Vlykarye[/127.0.0.1:36030] logged in with entity id 6479 at (-6.010889948360555, -27.0, 170.19002589459203)
[10:18:54] [Server thread/INFO]: Vlykarye joined the game
[10:20:46] [Server thread/INFO]: [Not Secure] <Vlykarye> this lag
[10:20:51] [Server thread/INFO]: [Not Secure] <Vlykarye> wtf
[10:20:57] [Server thread/INFO]: [Not Secure] <nyxtales> indian latency lol
[10:21:07] [Server thread/INFO]: [Not Secure] <Vlykarye> panda which host was better?
[10:21:09] [Server thread/INFO]: [Not Secure] <Vlykarye> nyx or mine
[10:21:21] [Server thread/INFO]: [Not Secure] <Padwanda> bot h sucks
[10:21:23] [Server thread/INFO]: nyxtales lost connection: Disconnected
[10:21:23] [Server thread/INFO]: nyxtales left the game
[10:21:23] [Server thread/INFO]: Padwanda lost connection: Disconnected
[10:21:23] [Server thread/INFO]: Padwanda left the game
[10:21:23] [Server thread/INFO]: Vlykarye lost connection: Disconnected
[10:21:23] [Server thread/INFO]: Vlykarye left the game
[10:21:29] [Server thread/INFO]: Padwanda[/127.0.0.1:60496] logged in with entity id 7578 at (32.61421515907987, 0.0, 238.36628324349562)
[10:21:29] [Server thread/INFO]: Padwanda joined the game
[10:21:34] [Server thread/INFO]: [Not Secure] <Padwanda> damn son
[10:21:48] [Server thread/INFO]: Padwanda lost connection: Disconnected
[10:21:48] [Server thread/INFO]: Padwanda left the game
[10:24:02] [Server thread/INFO]: Stopping the server
[10:24:02] [Server thread/INFO]: Stopping server
[10:24:02] [Server thread/INFO]: Saving players
[10:24:02] [Server thread/INFO]: Saving worlds
[10:24:03] [Server thread/INFO]: Saving chunks for level 'ServerLevel[world]'/minecraft:overworld
[10:24:03] [Server thread/INFO]: Saving chunks for level 'ServerLevel[world]'/minecraft:the_end
[10:24:03] [Server thread/INFO]: Saving chunks for level 'ServerLevel[world]'/minecraft:the_nether
[10:24:03] [Server thread/INFO]: ThreadedAnvilChunkStorage (world): All chunks are saved
[10:24:03] [Server thread/INFO]: ThreadedAnvilChunkStorage (DIM1): All chunks are saved
[10:24:03] [Server thread/INFO]: ThreadedAnvilChunkStorage (DIM-1): All chunks are saved
[10:24:03] [Server thread/INFO]: ThreadedAnvilChunkStorage: All dimensions are saved
